# JRE version: Java(TM) SE Runtime Environment (8.0_211-b12) (build 1.8.0_211-b12)
# Java VM: Java HotSpot(TM) 64-Bit Server VM (25.211-b12 mixed mode windows-amd64 compressed oops)
Heap:
 PSYoungGen      total 137216K, used 73845K [0x00000000f5580000, 0x0000000100000000, 0x0000000100000000)
  eden space 124928K, 59% used [0x00000000f5580000,0x00000000f9d9d4e8,0x00000000fcf80000)
  from space 12288K, 0% used [0x00000000fcf80000,0x00000000fcf80000,0x00000000fdb80000)
  to   space 11776K, 0% used [0x00000000ff480000,0x00000000ff480000,0x0000000100000000)
 ParOldGen       total 175104K, used 15254K [0x00000000e0000000, 0x00000000eab00000, 0x00000000f5580000)
  object space 175104K, 8% used [0x00000000e0000000,0x00000000e0ee5938,0x00000000eab00000)
 Metaspace       used 39428K, capacity 40332K, committed 40576K, reserved 1083392K
  class space    used 5710K, capacity 5944K, committed 6016K, reserved 1048576K
GC Heap History (10 events):
Event: 13.449 GC heap before
{Heap before GC invocations=5 (full 1):
 PSYoungGen      total 76288K, used 7315K [0x00000000f5580000, 0x00000000fea80000, 0x0000000100000000)
  eden space 65536K, 0% used [0x00000000f5580000,0x00000000f5580000,0x00000000f9580000)
  from space 10752K, 68% used [0x00000000fa000000,0x00000000fa724db0,0x00000000faa80000)
  to   space 10752K, 0% used [0x00000000f9580000,0x00000000f9580000,0x00000000fa000000)
 ParOldGen       total 175104K, used 1532K [0x00000000e0000000, 0x00000000eab00000, 0x00000000f5580000)
  object space 175104K, 0% used [0x00000000e0000000,0x00000000e017f188,0x00000000eab00000)
 Metaspace       used 20503K, capacity 21058K, committed 21296K, reserved 1067008K
  class space    used 3028K, capacity 3175K, committed 3200K, reserved 1048576K
Event: 13.520 GC heap after
Heap after GC invocations=5 (full 1):
 PSYoungGen      total 76288K, used 0K [0x00000000f5580000, 0x00000000fea80000, 0x0000000100000000)
  eden space 65536K, 0% used [0x00000000f5580000,0x00000000f5580000,0x00000000f9580000)
  from space 10752K, 0% used [0x00000000fa000000,0x00000000fa000000,0x00000000faa80000)
  to   space 10752K, 0% used [0x00000000f9580000,0x00000000f9580000,0x00000000fa000000)
 ParOldGen       total 175104K, used 7178K [0x00000000e0000000, 0x00000000eab00000, 0x00000000f5580000)
  object space 175104K, 4% used [0x00000000e0000000,0x00000000e0702938,0x00000000eab00000)
 Metaspace       used 20503K, capacity 21058K, committed 21296K, reserved 1067008K
  class space    used 3028K, capacity 3175K, committed 3200K, reserved 1048576K
}
Event: 15.595 GC heap before
{Heap before GC invocations=6 (full 1):
 PSYoungGen      total 76288K, used 64782K [0x00000000f5580000, 0x00000000fea80000, 0x0000000100000000)
  eden space 65536K, 98% used [0x00000000f5580000,0x00000000f94c39b0,0x00000000f9580000)
  from space 10752K, 0% used [0x00000000fa000000,0x00000000fa000000,0x00000000faa80000)
  to   space 10752K, 0% used [0x00000000f9580000,0x00000000f9580000,0x00000000fa000000)
 ParOldGen       total 175104K, used 7178K [0x00000000e0000000, 0x00000000eab00000, 0x00000000f5580000)
  object space 175104K, 4% used [0x00000000e0000000,0x00000000e0702938,0x00000000eab00000)
 Metaspace       used 28079K, capacity 28608K, committed 29056K, reserved 1075200K
  class space    used 3972K, capacity 4121K, committed 4224K, reserved 1048576K
Event: 15.615 GC heap after
Heap after GC invocations=6 (full 1):
 PSYoungGen      total 76288K, used 8501K [0x00000000f5580000, 0x00000000fe980000, 0x0000000100000000)
  eden space 65536K, 0% used [0x00000000f5580000,0x00000000f5580000,0x00000000f9580000)
  from space 10752K, 79% used [0x00000000f9580000,0x00000000f9dcd470,0x00000000fa000000)
  to   space 12800K, 0% used [0x00000000fdd00000,0x00000000fdd00000,0x00000000fe980000)
 ParOldGen       total 175104K, used 7186K [0x00000000e0000000, 0x00000000eab00000, 0x00000000f5580000)
  object space 175104K, 4% used [0x00000000e0000000,0x00000000e0704938,0x00000000eab00000)
 Metaspace       used 28079K, capacity 28608K, committed 29056K, reserved 1075200K
  class space    used 3972K, capacity 4121K, committed 4224K, reserved 1048576K
}
Event: 16.848 GC heap before
{Heap before GC invocations=7 (full 1):
 PSYoungGen      total 76288K, used 74037K [0x00000000f5580000, 0x00000000fe980000, 0x0000000100000000)
  eden space 65536K, 100% used [0x00000000f5580000,0x00000000f9580000,0x00000000f9580000)
  from space 10752K, 79% used [0x00000000f9580000,0x00000000f9dcd470,0x00000000fa000000)
  to   space 12800K, 0% used [0x00000000fdd00000,0x00000000fdd00000,0x00000000fe980000)
 ParOldGen       total 175104K, used 7186K [0x00000000e0000000, 0x00000000eab00000, 0x00000000f5580000)
  object space 175104K, 4% used [0x00000000e0000000,0x00000000e0704938,0x00000000eab00000)
 Metaspace       used 32125K, capacity 32658K, committed 32896K, reserved 1077248K
  class space    used 4508K, capacity 4703K, committed 4736K, reserved 1048576K
Event: 16.865 GC heap after
Heap after GC invocations=7 (full 1):
 PSYoungGen      total 135680K, used 8067K [0x00000000f5580000, 0x00000000fe780000, 0x0000000100000000)
  eden space 124928K, 0% used [0x00000000f5580000,0x00000000f5580000,0x00000000fcf80000)
  from space 10752K, 75% used [0x00000000fdd00000,0x00000000fe4e0c98,0x00000000fe780000)
  to   space 12288K, 0% used [0x00000000fcf80000,0x00000000fcf80000,0x00000000fdb80000)
 ParOldGen       total 175104K, used 7194K [0x00000000e0000000, 0x00000000eab00000, 0x00000000f5580000)
  object space 175104K, 4% used [0x00000000e0000000,0x00000000e0706938,0x00000000eab00000)
 Metaspace       used 32125K, capacity 32658K, committed 32896K, reserved 1077248K
  class space    used 4508K, capacity 4703K, committed 4736K, reserved 1048576K
}
Event: 17.933 GC heap before
{Heap before GC invocations=8 (full 1):
 PSYoungGen      total 135680K, used 57344K [0x00000000f5580000, 0x00000000fe780000, 0x0000000100000000)
  eden space 124928K, 39% used [0x00000000f5580000,0x00000000f859f3f8,0x00000000fcf80000)
  from space 10752K, 75% used [0x00000000fdd00000,0x00000000fe4e0c98,0x00000000fe780000)
  to   space 12288K, 0% used [0x00000000fcf80000,0x00000000fcf80000,0x00000000fdb80000)
 ParOldGen       total 175104K, used 7194K [0x00000000e0000000, 0x00000000eab00000, 0x00000000f5580000)
  object space 175104K, 4% used [0x00000000e0000000,0x00000000e0706938,0x00000000eab00000)
 Metaspace       used 34688K, capacity 35402K, committed 35496K, reserved 1079296K
  class space    used 4927K, capacity 5111K, committed 5120K, reserved 1048576K
Event: 17.967 GC heap after
Heap after GC invocations=8 (full 1):
 PSYoungGen      total 137216K, used 8552K [0x00000000f5580000, 0x0000000100000000, 0x0000000100000000)
  eden space 124928K, 0% used [0x00000000f5580000,0x00000000f5580000,0x00000000fcf80000)
  from space 12288K, 69% used [0x00000000fcf80000,0x00000000fd7da380,0x00000000fdb80000)
  to   space 11776K, 0% used [0x00000000ff480000,0x00000000ff480000,0x0000000100000000)
 ParOldGen       total 175104K, used 7202K [0x00000000e0000000, 0x00000000eab00000, 0x00000000f5580000)
  object space 175104K, 4% used [0x00000000e0000000,0x00000000e0708938,0x00000000eab00000)
 Metaspace       used 34688K, capacity 35402K, committed 35496K, reserved 1079296K
  class space    used 4927K, capacity 5111K, committed 5120K, reserved 1048576K
}
Event: 17.967 GC heap before
{Heap before GC invocations=9 (full 2):
 PSYoungGen      total 137216K, used 8552K [0x00000000f5580000, 0x0000000100000000, 0x0000000100000000)
  eden space 124928K, 0% used [0x00000000f5580000,0x00000000f5580000,0x00000000fcf80000)
  from space 12288K, 69% used [0x00000000fcf80000,0x00000000fd7da380,0x00000000fdb80000)
  to   space 11776K, 0% used [0x00000000ff480000,0x00000000ff480000,0x0000000100000000)
 ParOldGen       total 175104K, used 7202K [0x00000000e0000000, 0x00000000eab00000, 0x00000000f5580000)
  object space 175104K, 4% used [0x00000000e0000000,0x00000000e0708938,0x00000000eab00000)
 Metaspace       used 34688K, capacity 35402K, committed 35496K, reserved 1079296K
  class space    used 4927K, capacity 5111K, committed 5120K, reserved 1048576K
Event: 18.141 GC heap after
Heap after GC invocations=9 (full 2):
 PSYoungGen      total 137216K, used 0K [0x00000000f5580000, 0x0000000100000000, 0x0000000100000000)
  eden space 124928K, 0% used [0x00000000f5580000,0x00000000f5580000,0x00000000fcf80000)
  from space 12288K, 0% used [0x00000000fcf80000,0x00000000fcf80000,0x00000000fdb80000)
  to   space 11776K, 0% used [0x00000000ff480000,0x00000000ff480000,0x0000000100000000)
 ParOldGen       total 175104K, used 15254K [0x00000000e0000000, 0x00000000eab00000, 0x00000000f5580000)
  object space 175104K, 8% used [0x00000000e0000000,0x00000000e0ee5938,0x00000000eab00000)
 Metaspace       used 34680K, capacity 35378K, committed 35496K, reserved 1079296K
  class space    used 4925K, capacity 5107K, committed 5120K, reserved 1048576K
}

